<?xml version="1.0" encoding="UTF-8"?>
<testsuite xmlns:xsi="http://www.w3.org/2001/XMLSchema-instance" xsi:noNamespaceSchemaLocation="https://maven.apache.org/surefire/maven-surefire-plugin/xsd/surefire-test-report-3.0.xsd" version="3.0" name="tests.UsuariosBOTest" time="3.552" tests="3" errors="0" skipped="0" failures="0">
  <properties>
[...]
</properties>
  <testcase name="testCrearUsuarioExitoso" classname="tests.UsuariosBOTest" time="1.294">
    <system-out><![CDATA[TEST: Crear Usuario Exitoso
]]></system-out>
    <system-err><![CDATA[dic 02, 2025 11:27:27 P.M. com.mongodb.diagnostics.logging.JULLogger log
INFO: Cluster created with settings {hosts=[sebasglez03.hopto.org:56190], mode=SINGLE, requiredClusterType=UNKNOWN, serverSelectionTimeout='30000 ms', maxWaitQueueSize=500}
dic 02, 2025 11:27:27 P.M. com.mongodb.diagnostics.logging.JULLogger log
INFO: Cluster description not yet available. Waiting for 30000 ms before timing out
dic 02, 2025 11:27:27 P.M. com.mongodb.diagnostics.logging.JULLogger log
INFO: Opened connection [connectionId{localValue:1}] to sebasglez03.hopto.org:56190
dic 02, 2025 11:27:27 P.M. com.mongodb.diagnostics.logging.JULLogger log
INFO: Monitor thread successfully connected to server with description ServerDescription{address=sebasglez03.hopto.org:56190, type=STANDALONE, state=CONNECTED, ok=true, version=ServerVersion{versionList=[6, 0, 26]}, minWireVersion=0, maxWireVersion=17, maxDocumentSize=16777216, logicalSessionTimeoutMinutes=30, roundTripTimeNanos=65341100}
dic 02, 2025 11:27:28 P.M. com.mongodb.diagnostics.logging.JULLogger log
INFO: Opened connection [connectionId{localValue:2}] to sebasglez03.hopto.org:56190
dic 02, 2025 11:27:28 P.M. com.mongodb.diagnostics.logging.JULLogger log
INFO: Closed connection [connectionId{localValue:2}] to sebasglez03.hopto.org:56190 because the pool has been closed.
]]></system-err>
  </testcase>
  <testcase name="testLoginExitoso" classname="tests.UsuariosBOTest" time="1.151">
    <system-out><![CDATA[TEST: Login Exitoso
Login correcto para: Usuario Login
]]></system-out>
    <system-err><![CDATA[dic 02, 2025 11:27:28 P.M. com.mongodb.diagnostics.logging.JULLogger log
INFO: Cluster created with settings {hosts=[sebasglez03.hopto.org:56190], mode=SINGLE, requiredClusterType=UNKNOWN, serverSelectionTimeout='30000 ms', maxWaitQueueSize=500}
dic 02, 2025 11:27:28 P.M. com.mongodb.diagnostics.logging.JULLogger log
INFO: Cluster description not yet available. Waiting for 30000 ms before timing out
dic 02, 2025 11:27:28 P.M. com.mongodb.diagnostics.logging.JULLogger log
INFO: Opened connection [connectionId{localValue:3}] to sebasglez03.hopto.org:56190
dic 02, 2025 11:27:29 P.M. com.mongodb.diagnostics.logging.JULLogger log
INFO: Monitor thread successfully connected to server with description ServerDescription{address=sebasglez03.hopto.org:56190, type=STANDALONE, state=CONNECTED, ok=true, version=ServerVersion{versionList=[6, 0, 26]}, minWireVersion=0, maxWireVersion=17, maxDocumentSize=16777216, logicalSessionTimeoutMinutes=30, roundTripTimeNanos=63442500}
dic 02, 2025 11:27:29 P.M. com.mongodb.diagnostics.logging.JULLogger log
INFO: Opened connection [connectionId{localValue:4}] to sebasglez03.hopto.org:56190
dic 02, 2025 11:27:29 P.M. com.mongodb.diagnostics.logging.JULLogger log
INFO: Closed connection [connectionId{localValue:4}] to sebasglez03.hopto.org:56190 because the pool has been closed.
]]></system-err>
  </testcase>
  <testcase name="testValidacionCorreoDuplicado" classname="tests.UsuariosBOTest" time="1.09">
    <system-out><![CDATA[TEST: Validación Correo Duplicado
]]></system-out>
    <system-err><![CDATA[dic 02, 2025 11:27:29 P.M. com.mongodb.diagnostics.logging.JULLogger log
INFO: Cluster created with settings {hosts=[sebasglez03.hopto.org:56190], mode=SINGLE, requiredClusterType=UNKNOWN, serverSelectionTimeout='30000 ms', maxWaitQueueSize=500}
dic 02, 2025 11:27:29 P.M. com.mongodb.diagnostics.logging.JULLogger log
INFO: Cluster description not yet available. Waiting for 30000 ms before timing out
dic 02, 2025 11:27:30 P.M. com.mongodb.diagnostics.logging.JULLogger log
INFO: Opened connection [connectionId{localValue:5}] to sebasglez03.hopto.org:56190
dic 02, 2025 11:27:30 P.M. com.mongodb.diagnostics.logging.JULLogger log
INFO: Monitor thread successfully connected to server with description ServerDescription{address=sebasglez03.hopto.org:56190, type=STANDALONE, state=CONNECTED, ok=true, version=ServerVersion{versionList=[6, 0, 26]}, minWireVersion=0, maxWireVersion=17, maxDocumentSize=16777216, logicalSessionTimeoutMinutes=30, roundTripTimeNanos=63350600}
dic 02, 2025 11:27:30 P.M. com.mongodb.diagnostics.logging.JULLogger log
INFO: Opened connection [connectionId{localValue:6}] to sebasglez03.hopto.org:56190
dic 02, 2025 11:27:30 P.M. com.mongodb.diagnostics.logging.JULLogger log
INFO: Closed connection [connectionId{localValue:6}] to sebasglez03.hopto.org:56190 because the pool has been closed.
]]></system-err>
  </testcase>
</testsuite>